2024-12-16 20:18:09,975 - INFO - Пользователь получил на вывод основные опции
2024-12-16 20:18:14,864 - ERROR - Пользователь ввел "!" - данные не числового формата.
2024-12-16 20:18:16,486 - INFO - Пользователь выбрал опцию под номером 1
2024-12-16 20:18:16,487 - INFO - Пользователь получил на вывод опции вывода списка телепередач
2024-12-16 20:18:23,177 - INFO - Пользователь выбрал опцию под номером 1
2024-12-16 20:18:23,177 - INFO - Пользователь получил на вывод список телепередач
2024-12-16 20:18:23,177 - INFO - Пользователь получил на вывод основные опции
2024-12-16 20:18:42,905 - INFO - Пользователь выбрал опцию под номером 4
2024-12-16 20:18:42,906 - INFO - Программа завершила выполнение.
2024-12-16 20:20:34,472 - INFO - Пользователь получил на вывод основные опции
2024-12-16 20:20:39,180 - INFO - Пользователь выбрал опцию под номером 2
2024-12-16 20:20:59,301 - INFO - Пользователь добавил в список телепередачу: Танцы, 90, 8.1
2024-12-16 20:20:59,301 - INFO - Пользователь получил на вывод основные опции
2024-12-16 20:21:41,343 - ERROR - Пользователь ввел ";" - данные не числового формата.
2024-12-16 20:21:42,698 - INFO - Пользователь выбрал опцию под номером 4
2024-12-16 20:21:42,698 - INFO - Программа завершила выполнение.
2024-12-16 20:22:04,938 - INFO - Пользователь получил на вывод основные опции
2024-12-16 20:22:09,655 - INFO - Пользователь выбрал опцию под номером 3
2024-12-16 20:22:12,321 - INFO - Пользователь начал поиск телепередачи по названию - Танцы
2024-12-16 20:22:12,321 - INFO - Найдена телепередача: Танцы, 90, 8.1
2024-12-16 20:22:12,321 - INFO - Пользователь получил на вывод основные опции
2024-12-16 20:22:16,248 - INFO - Пользователь выбрал опцию под номером 1
2024-12-16 20:22:16,249 - INFO - Пользователь получил на вывод опции вывода списка телепередач
2024-12-16 20:22:23,856 - INFO - Пользователь выбрал опцию под номером 4
2024-12-16 20:22:23,857 - INFO - Пользователь получил на вывод основные опции
2024-12-16 20:22:27,422 - INFO - Пользователь выбрал опцию под номером 4
2024-12-16 20:22:27,422 - INFO - Программа завершила выполнение.
